25-Mar-2024 12:43:09.664 INFO [main] org.apache.catalina.core.ApplicationContext.log ContextListener: contextInitialized()
25-Mar-2024 12:43:09.664 INFO [main] org.apache.catalina.core.ApplicationContext.log SessionListener: contextInitialized()
25-Mar-2024 12:43:09.664 INFO [main] org.apache.catalina.core.ApplicationContext.log ContextListener: attributeAdded('StockTicker', 'async.Stockticker@5b58ed3c')
25-Mar-2024 12:51:53.361 INFO [main] org.apache.catalina.core.ApplicationContext.log ContextListener: contextInitialized()
25-Mar-2024 12:51:53.361 INFO [main] org.apache.catalina.core.ApplicationContext.log SessionListener: contextInitialized()
25-Mar-2024 12:51:53.361 INFO [main] org.apache.catalina.core.ApplicationContext.log ContextListener: attributeAdded('StockTicker', 'async.Stockticker@68d6972f')
25-Mar-2024 14:14:49.530 INFO [main] org.apache.catalina.core.ApplicationContext.log ContextListener: contextInitialized()
25-Mar-2024 14:14:49.530 INFO [main] org.apache.catalina.core.ApplicationContext.log SessionListener: contextInitialized()
25-Mar-2024 14:14:49.530 INFO [main] org.apache.catalina.core.ApplicationContext.log ContextListener: attributeAdded('StockTicker', 'async.Stockticker@28276e50')
25-Mar-2024 16:02:56.272 INFO [main] org.apache.catalina.core.ApplicationContext.log ContextListener: contextInitialized()
25-Mar-2024 16:02:56.272 INFO [main] org.apache.catalina.core.ApplicationContext.log SessionListener: contextInitialized()
25-Mar-2024 16:02:56.272 INFO [main] org.apache.catalina.core.ApplicationContext.log ContextListener: attributeAdded('StockTicker', 'async.Stockticker@3a320ade')
25-Mar-2024 17:48:04.352 INFO [main] org.apache.catalina.core.ApplicationContext.log ContextListener: contextInitialized()
25-Mar-2024 17:48:04.352 INFO [main] org.apache.catalina.core.ApplicationContext.log SessionListener: contextInitialized()
25-Mar-2024 17:48:04.352 INFO [main] org.apache.catalina.core.ApplicationContext.log ContextListener: attributeAdded('StockTicker', 'async.Stockticker@45be7cd5')
25-Mar-2024 18:38:12.825 INFO [main] org.apache.catalina.core.ApplicationContext.log ContextListener: contextInitialized()
25-Mar-2024 18:38:12.825 INFO [main] org.apache.catalina.core.ApplicationContext.log SessionListener: contextInitialized()
25-Mar-2024 18:38:12.826 INFO [main] org.apache.catalina.core.ApplicationContext.log ContextListener: attributeAdded('StockTicker', 'async.Stockticker@3a320ade')
25-Mar-2024 18:46:36.108 INFO [main] org.apache.catalina.core.ApplicationContext.log ContextListener: contextInitialized()
25-Mar-2024 18:46:36.108 INFO [main] org.apache.catalina.core.ApplicationContext.log SessionListener: contextInitialized()
25-Mar-2024 18:46:36.108 INFO [main] org.apache.catalina.core.ApplicationContext.log ContextListener: attributeAdded('StockTicker', 'async.Stockticker@1cd201a8')
25-Mar-2024 18:46:36.295 INFO [main] org.apache.catalina.core.ApplicationContext.log SessionListener: contextDestroyed()
25-Mar-2024 18:46:36.295 INFO [main] org.apache.catalina.core.ApplicationContext.log ContextListener: contextDestroyed()
25-Mar-2024 18:48:31.894 INFO [main] org.apache.catalina.core.ApplicationContext.log ContextListener: contextInitialized()
25-Mar-2024 18:48:31.894 INFO [main] org.apache.catalina.core.ApplicationContext.log SessionListener: contextInitialized()
25-Mar-2024 18:48:31.894 INFO [main] org.apache.catalina.core.ApplicationContext.log ContextListener: attributeAdded('StockTicker', 'async.Stockticker@3c0fae6c')
25-Mar-2024 18:53:53.471 INFO [main] org.apache.catalina.core.ApplicationContext.log ContextListener: contextInitialized()
25-Mar-2024 18:53:53.471 INFO [main] org.apache.catalina.core.ApplicationContext.log SessionListener: contextInitialized()
25-Mar-2024 18:53:53.471 INFO [main] org.apache.catalina.core.ApplicationContext.log ContextListener: attributeAdded('StockTicker', 'async.Stockticker@3185fa6b')
